2024-11-23 19:00:00 [info]: Scheduled tasks started at 2024-11-24T00:00:00.161Z
2024-11-23 19:00:00 [info]: Called documents email send part bla bla
2024-11-23 19:00:00 [info]: Called documents email send part bla bla
2024-11-23 19:00:00 [info]: Called documents email send part bla bla
2024-11-23 19:00:00 [info]: Called documents email send part bla bla
2024-11-23 19:00:00 [info]: Called documents email send part bla bla
2024-11-23 19:00:00 [info]: Called documents email send part bla bla
2024-11-23 19:00:00 [info]: Called documents email send part bla bla
2024-11-23 19:00:00 [info]: Called documents email send part bla bla
2024-11-23 19:00:00 [info]: Called documents email send part bla bla
2024-11-23 19:00:01 [info]: Called documents email send part bla bla
2024-11-23 19:00:01 [info]: Called documents email send part bla bla
2024-11-23 19:00:01 [info]: Called documents email send part bla bla
2024-11-23 19:00:01 [info]: Called documents email send part bla bla
2024-11-23 19:00:01 [info]: Called documents email send part bla bla
2024-11-23 19:00:01 [info]: Scheduled tasks completed at 2024-11-24T00:00:01.375Z
2024-11-23 20:00:00 [info]: Scheduled tasks started at 2024-11-24T01:00:00.301Z
2024-11-23 20:00:00 [info]: Called documents email send part bla bla
2024-11-23 20:00:00 [info]: Called documents email send part bla bla
2024-11-23 20:00:00 [info]: Called documents email send part bla bla
2024-11-23 20:00:00 [info]: Called documents email send part bla bla
2024-11-23 20:00:00 [info]: Called documents email send part bla bla
2024-11-23 20:00:00 [info]: Called documents email send part bla bla
2024-11-23 20:00:01 [info]: Called documents email send part bla bla
2024-11-23 20:00:01 [info]: Called documents email send part bla bla
2024-11-23 20:00:01 [info]: Called documents email send part bla bla
2024-11-23 20:00:01 [info]: Called documents email send part bla bla
2024-11-23 20:00:01 [info]: Called documents email send part bla bla
2024-11-23 20:00:01 [info]: Called documents email send part bla bla
2024-11-23 20:00:01 [info]: Called documents email send part bla bla
2024-11-23 20:00:01 [info]: Called documents email send part bla bla
2024-11-23 20:00:01 [info]: Scheduled tasks completed at 2024-11-24T01:00:01.575Z
2024-11-23 21:00:00 [info]: Scheduled tasks started at 2024-11-24T02:00:00.098Z
2024-11-23 21:00:00 [info]: Called documents email send part bla bla
2024-11-23 21:00:00 [info]: Called documents email send part bla bla
2024-11-23 21:00:00 [info]: Called documents email send part bla bla
2024-11-23 21:00:00 [info]: Called documents email send part bla bla
2024-11-23 21:00:00 [info]: Called documents email send part bla bla
2024-11-23 21:00:00 [info]: Called documents email send part bla bla
2024-11-23 21:00:00 [info]: Called documents email send part bla bla
2024-11-23 21:00:00 [info]: Called documents email send part bla bla
2024-11-23 21:00:00 [info]: Called documents email send part bla bla
2024-11-23 21:00:01 [info]: Called documents email send part bla bla
2024-11-23 21:00:01 [info]: Called documents email send part bla bla
2024-11-23 21:00:01 [info]: Called documents email send part bla bla
2024-11-23 21:00:01 [info]: Called documents email send part bla bla
2024-11-23 21:00:01 [info]: Called documents email send part bla bla
2024-11-23 21:00:01 [info]: Scheduled tasks completed at 2024-11-24T02:00:01.320Z
2024-11-23 22:00:00 [info]: Scheduled tasks started at 2024-11-24T03:00:00.466Z
2024-11-23 22:00:00 [info]: Called documents email send part bla bla
2024-11-23 22:00:00 [info]: Called documents email send part bla bla
2024-11-23 22:00:01 [info]: Called documents email send part bla bla
2024-11-23 22:00:01 [info]: Called documents email send part bla bla
2024-11-23 22:00:01 [info]: Called documents email send part bla bla
2024-11-23 22:00:01 [info]: Called documents email send part bla bla
2024-11-23 22:00:01 [info]: Called documents email send part bla bla
2024-11-23 22:00:01 [info]: Called documents email send part bla bla
2024-11-23 22:00:01 [info]: Called documents email send part bla bla
2024-11-23 22:00:01 [info]: Called documents email send part bla bla
2024-11-23 22:00:01 [info]: Called documents email send part bla bla
2024-11-23 22:00:01 [info]: Called documents email send part bla bla
2024-11-23 22:00:01 [info]: Called documents email send part bla bla
2024-11-23 22:00:01 [info]: Called documents email send part bla bla
2024-11-23 22:00:01 [info]: Called documents email send part bla bla
2024-11-23 22:00:01 [info]: Called documents email send part bla bla
2024-11-23 22:00:02 [info]: Scheduled tasks completed at 2024-11-24T03:00:02.294Z
2024-11-23 23:00:00 [info]: Scheduled tasks started at 2024-11-24T04:00:00.609Z
2024-11-23 23:00:00 [info]: [DEBUG] Found 0 unsent documents for UserID: 16
2024-11-23 23:00:01 [info]: [DEBUG] Found 0 unsent documents for UserID: 45
2024-11-23 23:00:01 [info]: [DEBUG] Found 0 unsent documents for UserID: 46
2024-11-23 23:00:01 [info]: [DEBUG] Found 0 unsent documents for UserID: 47
2024-11-23 23:00:01 [info]: [DEBUG] Found 0 unsent documents for UserID: 50
2024-11-23 23:00:01 [info]: [DEBUG] Found 0 unsent documents for UserID: 52
2024-11-23 23:00:01 [info]: [DEBUG] Found 0 unsent documents for UserID: 53
2024-11-23 23:00:01 [info]: [DEBUG] Found 0 unsent documents for UserID: 54
2024-11-23 23:00:01 [info]: [DEBUG] Found 0 unsent documents for UserID: 55
2024-11-23 23:00:01 [info]: [DEBUG] Found 0 unsent documents for UserID: 56
2024-11-23 23:00:01 [info]: [DEBUG] Found 0 unsent documents for UserID: 57
2024-11-23 23:00:01 [info]: [DEBUG] Found 0 unsent documents for UserID: 58
2024-11-23 23:00:01 [info]: [DEBUG] Found 0 unsent documents for UserID: 61
2024-11-23 23:00:01 [info]: [DEBUG] Found 0 unsent documents for UserID: 62
2024-11-23 23:00:01 [info]: [DEBUG] Found 0 unsent documents for UserID: 72
2024-11-23 23:00:02 [info]: [DEBUG] Found 0 unsent documents for UserID: 73
2024-11-23 23:00:02 [info]: Scheduled tasks completed at 2024-11-24T04:00:02.066Z
2024-11-24 00:00:00 [info]: Scheduled tasks started at 2024-11-24T05:00:00.457Z
2024-11-24 00:00:00 [info]: [DEBUG] Found 0 unsent documents for UserID: 16
2024-11-24 00:00:00 [info]: [DEBUG] Found 0 unsent documents for UserID: 45
2024-11-24 00:00:00 [info]: [DEBUG] Found 0 unsent documents for UserID: 46
2024-11-24 00:00:01 [info]: [DEBUG] Found 0 unsent documents for UserID: 47
2024-11-24 00:00:01 [info]: [DEBUG] Found 0 unsent documents for UserID: 50
2024-11-24 00:00:01 [info]: [DEBUG] Found 0 unsent documents for UserID: 52
2024-11-24 00:00:01 [info]: [DEBUG] Found 0 unsent documents for UserID: 53
2024-11-24 00:00:01 [info]: [DEBUG] Found 0 unsent documents for UserID: 54
2024-11-24 00:00:01 [info]: [DEBUG] Found 0 unsent documents for UserID: 55
2024-11-24 00:00:01 [info]: [DEBUG] Found 0 unsent documents for UserID: 56
2024-11-24 00:00:01 [info]: [DEBUG] Found 0 unsent documents for UserID: 57
2024-11-24 00:00:01 [info]: [DEBUG] Found 0 unsent documents for UserID: 58
2024-11-24 00:00:01 [info]: [DEBUG] Found 0 unsent documents for UserID: 61
2024-11-24 00:00:01 [info]: [DEBUG] Found 0 unsent documents for UserID: 62
2024-11-24 00:00:01 [info]: [DEBUG] Found 0 unsent documents for UserID: 72
2024-11-24 00:00:01 [info]: [DEBUG] Found 0 unsent documents for UserID: 73
2024-11-24 00:00:01 [info]: Scheduled tasks completed at 2024-11-24T05:00:01.971Z
2024-11-24 01:00:00 [info]: Scheduled tasks started at 2024-11-24T06:00:00.007Z
2024-11-24 01:00:00 [info]: [DEBUG] Found 0 unsent documents for UserID: 16
2024-11-24 01:00:00 [info]: [DEBUG] Found 0 unsent documents for UserID: 45
2024-11-24 01:00:00 [info]: [DEBUG] Found 0 unsent documents for UserID: 46
2024-11-24 01:00:00 [info]: [DEBUG] Found 0 unsent documents for UserID: 47
2024-11-24 01:00:00 [info]: [DEBUG] Found 0 unsent documents for UserID: 50
2024-11-24 01:00:00 [info]: [DEBUG] Found 0 unsent documents for UserID: 52
2024-11-24 01:00:00 [info]: [DEBUG] Found 0 unsent documents for UserID: 53
2024-11-24 01:00:00 [info]: [DEBUG] Found 0 unsent documents for UserID: 54
2024-11-24 01:00:00 [info]: [DEBUG] Found 0 unsent documents for UserID: 55
2024-11-24 01:00:01 [info]: [DEBUG] Found 0 unsent documents for UserID: 56
2024-11-24 01:00:01 [info]: [DEBUG] Found 0 unsent documents for UserID: 57
2024-11-24 01:00:01 [info]: [DEBUG] Found 0 unsent documents for UserID: 58
2024-11-24 01:00:01 [info]: [DEBUG] Found 0 unsent documents for UserID: 61
2024-11-24 01:00:01 [info]: [DEBUG] Found 0 unsent documents for UserID: 62
2024-11-24 01:00:01 [info]: [DEBUG] Found 0 unsent documents for UserID: 72
2024-11-24 01:00:01 [info]: [DEBUG] Found 0 unsent documents for UserID: 73
2024-11-24 01:00:01 [info]: Scheduled tasks completed at 2024-11-24T06:00:01.769Z
2024-11-24 02:00:00 [info]: Scheduled tasks started at 2024-11-24T07:00:00.792Z
2024-11-24 02:00:01 [info]: [DEBUG] Found 0 unsent documents for UserID: 16
2024-11-24 02:00:01 [info]: [DEBUG] Found 0 unsent documents for UserID: 45
2024-11-24 02:00:01 [info]: [DEBUG] Found 0 unsent documents for UserID: 46
2024-11-24 02:00:01 [info]: [DEBUG] Found 0 unsent documents for UserID: 47
2024-11-24 02:00:01 [info]: [DEBUG] Found 0 unsent documents for UserID: 50
2024-11-24 02:00:01 [info]: [DEBUG] Found 0 unsent documents for UserID: 52
2024-11-24 02:00:01 [info]: [DEBUG] Found 0 unsent documents for UserID: 53
2024-11-24 02:00:01 [info]: [DEBUG] Found 0 unsent documents for UserID: 54
2024-11-24 02:00:01 [info]: [DEBUG] Found 0 unsent documents for UserID: 55
2024-11-24 02:00:01 [info]: [DEBUG] Found 0 unsent documents for UserID: 56
2024-11-24 02:00:01 [info]: [DEBUG] Found 0 unsent documents for UserID: 57
2024-11-24 02:00:01 [info]: [DEBUG] Found 0 unsent documents for UserID: 58
2024-11-24 02:00:01 [info]: [DEBUG] Found 0 unsent documents for UserID: 61
2024-11-24 02:00:02 [info]: [DEBUG] Found 0 unsent documents for UserID: 62
2024-11-24 02:00:02 [info]: [DEBUG] Found 0 unsent documents for UserID: 72
2024-11-24 02:00:02 [info]: [DEBUG] Found 0 unsent documents for UserID: 73
2024-11-24 02:00:02 [info]: Scheduled tasks completed at 2024-11-24T07:00:02.239Z
2024-11-24 03:00:00 [info]: Scheduled tasks started at 2024-11-24T08:00:00.032Z
2024-11-24 03:00:00 [info]: [DEBUG] Found 0 unsent documents for UserID: 16
2024-11-24 03:00:00 [info]: [DEBUG] Found 0 unsent documents for UserID: 45
2024-11-24 03:00:00 [info]: [DEBUG] Found 0 unsent documents for UserID: 46
2024-11-24 03:00:00 [info]: [DEBUG] Found 0 unsent documents for UserID: 47
2024-11-24 03:00:00 [info]: [DEBUG] Found 0 unsent documents for UserID: 50
2024-11-24 03:00:00 [info]: [DEBUG] Found 0 unsent documents for UserID: 52
2024-11-24 03:00:00 [info]: [DEBUG] Found 0 unsent documents for UserID: 53
2024-11-24 03:00:00 [info]: [DEBUG] Found 0 unsent documents for UserID: 54
2024-11-24 03:00:00 [info]: [DEBUG] Found 0 unsent documents for UserID: 55
2024-11-24 03:00:00 [info]: [DEBUG] Found 0 unsent documents for UserID: 56
2024-11-24 03:00:01 [info]: [DEBUG] Found 0 unsent documents for UserID: 57
2024-11-24 03:00:01 [info]: [DEBUG] Found 0 unsent documents for UserID: 58
2024-11-24 03:00:01 [info]: [DEBUG] Found 0 unsent documents for UserID: 61
2024-11-24 03:00:01 [info]: [DEBUG] Found 0 unsent documents for UserID: 62
2024-11-24 03:00:01 [info]: [DEBUG] Found 0 unsent documents for UserID: 72
2024-11-24 03:00:01 [info]: [DEBUG] Found 0 unsent documents for UserID: 73
2024-11-24 03:00:01 [info]: Scheduled tasks completed at 2024-11-24T08:00:01.399Z
2024-11-24 04:00:00 [info]: Scheduled tasks started at 2024-11-24T09:00:00.823Z
2024-11-24 04:00:01 [info]: [DEBUG] Found 0 unsent documents for UserID: 16
2024-11-24 04:00:01 [info]: [DEBUG] Found 0 unsent documents for UserID: 45
2024-11-24 04:00:01 [info]: [DEBUG] Found 0 unsent documents for UserID: 46
2024-11-24 04:00:01 [info]: [DEBUG] Found 0 unsent documents for UserID: 47
2024-11-24 04:00:01 [info]: [DEBUG] Found 0 unsent documents for UserID: 50
2024-11-24 04:00:01 [info]: [DEBUG] Found 0 unsent documents for UserID: 52
2024-11-24 04:00:01 [info]: [DEBUG] Found 0 unsent documents for UserID: 53
2024-11-24 04:00:01 [info]: [DEBUG] Found 0 unsent documents for UserID: 54
2024-11-24 04:00:01 [info]: [DEBUG] Found 0 unsent documents for UserID: 55
2024-11-24 04:00:01 [info]: [DEBUG] Found 0 unsent documents for UserID: 56
2024-11-24 04:00:01 [info]: [DEBUG] Found 0 unsent documents for UserID: 57
2024-11-24 04:00:01 [info]: [DEBUG] Found 0 unsent documents for UserID: 58
2024-11-24 04:00:01 [info]: [DEBUG] Found 0 unsent documents for UserID: 61
2024-11-24 04:00:02 [info]: [DEBUG] Found 0 unsent documents for UserID: 62
2024-11-24 04:00:02 [info]: [DEBUG] Found 0 unsent documents for UserID: 72
2024-11-24 04:00:02 [info]: [DEBUG] Found 0 unsent documents for UserID: 73
2024-11-24 04:00:02 [info]: Scheduled tasks completed at 2024-11-24T09:00:02.221Z
2024-11-24 05:00:00 [info]: Scheduled tasks started at 2024-11-24T10:00:00.648Z
2024-11-24 05:00:00 [info]: [DEBUG] Found 0 unsent documents for UserID: 16
2024-11-24 05:00:01 [info]: [DEBUG] Found 0 unsent documents for UserID: 45
2024-11-24 05:00:01 [info]: [DEBUG] Found 0 unsent documents for UserID: 46
2024-11-24 05:00:01 [info]: [DEBUG] Found 0 unsent documents for UserID: 47
2024-11-24 05:00:01 [info]: [DEBUG] Found 0 unsent documents for UserID: 50
2024-11-24 05:00:01 [info]: [DEBUG] Found 0 unsent documents for UserID: 52
2024-11-24 05:00:01 [info]: [DEBUG] Found 0 unsent documents for UserID: 53
2024-11-24 05:00:01 [info]: [DEBUG] Found 0 unsent documents for UserID: 54
2024-11-24 05:00:01 [info]: [DEBUG] Found 0 unsent documents for UserID: 55
2024-11-24 05:00:01 [info]: [DEBUG] Found 0 unsent documents for UserID: 56
2024-11-24 05:00:01 [info]: [DEBUG] Found 0 unsent documents for UserID: 57
2024-11-24 05:00:01 [info]: [DEBUG] Found 0 unsent documents for UserID: 58
2024-11-24 05:00:01 [info]: [DEBUG] Found 0 unsent documents for UserID: 61
2024-11-24 05:00:01 [info]: [DEBUG] Found 0 unsent documents for UserID: 62
2024-11-24 05:00:01 [info]: [DEBUG] Found 0 unsent documents for UserID: 72
2024-11-24 05:00:02 [info]: [DEBUG] Found 0 unsent documents for UserID: 73
2024-11-24 05:00:02 [info]: Scheduled tasks completed at 2024-11-24T10:00:02.055Z
2024-11-24 06:00:00 [info]: Scheduled tasks started at 2024-11-24T11:00:00.822Z
2024-11-24 06:00:01 [info]: [DEBUG] Found 0 unsent documents for UserID: 16
2024-11-24 06:00:01 [info]: [DEBUG] Found 0 unsent documents for UserID: 45
2024-11-24 06:00:01 [info]: [DEBUG] Found 0 unsent documents for UserID: 46
2024-11-24 06:00:01 [info]: [DEBUG] Found 0 unsent documents for UserID: 47
2024-11-24 06:00:01 [info]: [DEBUG] Found 0 unsent documents for UserID: 50
2024-11-24 06:00:01 [info]: [DEBUG] Found 0 unsent documents for UserID: 52
2024-11-24 06:00:01 [info]: [DEBUG] Found 0 unsent documents for UserID: 53
2024-11-24 06:00:01 [info]: [DEBUG] Found 0 unsent documents for UserID: 54
2024-11-24 06:00:01 [info]: [DEBUG] Found 0 unsent documents for UserID: 55
2024-11-24 06:00:01 [info]: [DEBUG] Found 0 unsent documents for UserID: 56
2024-11-24 06:00:01 [info]: [DEBUG] Found 0 unsent documents for UserID: 57
2024-11-24 06:00:01 [info]: [DEBUG] Found 0 unsent documents for UserID: 58
2024-11-24 06:00:01 [info]: [DEBUG] Found 0 unsent documents for UserID: 61
2024-11-24 06:00:02 [info]: [DEBUG] Found 0 unsent documents for UserID: 62
2024-11-24 06:00:02 [info]: [DEBUG] Found 0 unsent documents for UserID: 72
2024-11-24 06:00:02 [info]: [DEBUG] Found 0 unsent documents for UserID: 73
2024-11-24 06:00:02 [info]: Scheduled tasks completed at 2024-11-24T11:00:02.182Z
2024-11-24 07:00:00 [info]: Scheduled tasks started at 2024-11-24T12:00:00.113Z
2024-11-24 07:00:00 [info]: [DEBUG] Found 0 unsent documents for UserID: 16
2024-11-24 07:00:00 [info]: [DEBUG] Found 0 unsent documents for UserID: 45
2024-11-24 07:00:00 [info]: [DEBUG] Found 0 unsent documents for UserID: 46
2024-11-24 07:00:00 [info]: [DEBUG] Found 0 unsent documents for UserID: 47
2024-11-24 07:00:00 [info]: [DEBUG] Found 0 unsent documents for UserID: 50
2024-11-24 07:00:00 [info]: [DEBUG] Found 0 unsent documents for UserID: 52
2024-11-24 07:00:00 [info]: [DEBUG] Found 0 unsent documents for UserID: 53
2024-11-24 07:00:00 [info]: [DEBUG] Found 0 unsent documents for UserID: 54
2024-11-24 07:00:00 [info]: [DEBUG] Found 0 unsent documents for UserID: 55
2024-11-24 07:00:00 [info]: [DEBUG] Found 0 unsent documents for UserID: 56
2024-11-24 07:00:01 [info]: [DEBUG] Found 0 unsent documents for UserID: 57
2024-11-24 07:00:01 [info]: [DEBUG] Found 0 unsent documents for UserID: 58
2024-11-24 07:00:01 [info]: [DEBUG] Found 0 unsent documents for UserID: 61
2024-11-24 07:00:01 [info]: [DEBUG] Found 0 unsent documents for UserID: 62
2024-11-24 07:00:01 [info]: [DEBUG] Found 0 unsent documents for UserID: 72
2024-11-24 07:00:01 [info]: [DEBUG] Found 0 unsent documents for UserID: 73
2024-11-24 07:00:01 [info]: Scheduled tasks completed at 2024-11-24T12:00:01.420Z
2024-11-24 08:00:00 [info]: Scheduled tasks started at 2024-11-24T13:00:00.244Z
2024-11-24 08:00:00 [info]: [DEBUG] Found 0 unsent documents for UserID: 16
2024-11-24 08:00:00 [info]: [DEBUG] Found 0 unsent documents for UserID: 45
2024-11-24 08:00:00 [info]: [DEBUG] Found 0 unsent documents for UserID: 46
2024-11-24 08:00:00 [info]: [DEBUG] Found 0 unsent documents for UserID: 47
2024-11-24 08:00:00 [info]: [DEBUG] Found 0 unsent documents for UserID: 50
2024-11-24 08:00:00 [info]: [DEBUG] Found 0 unsent documents for UserID: 52
2024-11-24 08:00:00 [info]: [DEBUG] Found 0 unsent documents for UserID: 53
2024-11-24 08:00:00 [info]: [DEBUG] Found 0 unsent documents for UserID: 54
2024-11-24 08:00:01 [info]: [DEBUG] Found 0 unsent documents for UserID: 55
2024-11-24 08:00:01 [info]: [DEBUG] Found 0 unsent documents for UserID: 56
2024-11-24 08:00:01 [info]: [DEBUG] Found 0 unsent documents for UserID: 57
2024-11-24 08:00:01 [info]: [DEBUG] Found 0 unsent documents for UserID: 58
2024-11-24 08:00:01 [info]: [DEBUG] Found 0 unsent documents for UserID: 61
2024-11-24 08:00:01 [info]: [DEBUG] Found 0 unsent documents for UserID: 62
2024-11-24 08:00:01 [info]: [DEBUG] Found 0 unsent documents for UserID: 72
2024-11-24 08:00:01 [info]: [DEBUG] Found 0 unsent documents for UserID: 73
2024-11-24 08:00:01 [info]: Scheduled tasks completed at 2024-11-24T13:00:01.545Z
2024-11-24 09:00:00 [info]: Scheduled tasks started at 2024-11-24T14:00:00.093Z
2024-11-24 09:00:00 [info]: [DEBUG] Found 0 unsent documents for UserID: 16
2024-11-24 09:00:00 [info]: [DEBUG] Found 0 unsent documents for UserID: 45
2024-11-24 09:00:00 [info]: [DEBUG] Found 0 unsent documents for UserID: 46
2024-11-24 09:00:00 [info]: [DEBUG] Found 0 unsent documents for UserID: 47
2024-11-24 09:00:00 [info]: [DEBUG] Found 0 unsent documents for UserID: 50
2024-11-24 09:00:00 [info]: [DEBUG] Found 0 unsent documents for UserID: 52
2024-11-24 09:00:00 [info]: [DEBUG] Found 0 unsent documents for UserID: 53
2024-11-24 09:00:00 [info]: [DEBUG] Found 0 unsent documents for UserID: 54
2024-11-24 09:00:00 [info]: [DEBUG] Found 0 unsent documents for UserID: 55
2024-11-24 09:00:00 [info]: [DEBUG] Found 0 unsent documents for UserID: 56
2024-11-24 09:00:01 [info]: [DEBUG] Found 0 unsent documents for UserID: 57
2024-11-24 09:00:01 [info]: [DEBUG] Found 0 unsent documents for UserID: 58
2024-11-24 09:00:01 [info]: [DEBUG] Found 0 unsent documents for UserID: 61
2024-11-24 09:00:01 [info]: [DEBUG] Found 0 unsent documents for UserID: 62
2024-11-24 09:00:01 [info]: [DEBUG] Found 0 unsent documents for UserID: 72
2024-11-24 09:00:01 [info]: [DEBUG] Found 0 unsent documents for UserID: 73
2024-11-24 09:00:01 [info]: Scheduled tasks completed at 2024-11-24T14:00:01.386Z
2024-11-24 10:00:00 [info]: Scheduled tasks started at 2024-11-24T15:00:00.245Z
2024-11-24 10:00:00 [info]: [DEBUG] Found 0 unsent documents for UserID: 16
2024-11-24 10:00:00 [info]: [DEBUG] Found 0 unsent documents for UserID: 45
2024-11-24 10:00:00 [info]: [DEBUG] Found 0 unsent documents for UserID: 46
2024-11-24 10:00:00 [info]: [DEBUG] Found 0 unsent documents for UserID: 47
2024-11-24 10:00:00 [info]: [DEBUG] Found 0 unsent documents for UserID: 50
2024-11-24 10:00:00 [info]: [DEBUG] Found 0 unsent documents for UserID: 52
2024-11-24 10:00:00 [info]: [DEBUG] Found 0 unsent documents for UserID: 53
2024-11-24 10:00:00 [info]: [DEBUG] Found 0 unsent documents for UserID: 54
2024-11-24 10:00:01 [info]: [DEBUG] Found 0 unsent documents for UserID: 55
2024-11-24 10:00:01 [info]: [DEBUG] Found 0 unsent documents for UserID: 56
2024-11-24 10:00:01 [info]: [DEBUG] Found 0 unsent documents for UserID: 57
2024-11-24 10:00:01 [info]: [DEBUG] Found 0 unsent documents for UserID: 58
2024-11-24 10:00:01 [info]: [DEBUG] Found 0 unsent documents for UserID: 61
2024-11-24 10:00:01 [info]: [DEBUG] Found 0 unsent documents for UserID: 62
2024-11-24 10:00:01 [info]: [DEBUG] Found 0 unsent documents for UserID: 72
2024-11-24 10:00:01 [info]: [DEBUG] Found 0 unsent documents for UserID: 73
2024-11-24 10:00:01 [info]: Scheduled tasks completed at 2024-11-24T15:00:01.540Z
2024-11-24 11:00:00 [info]: Scheduled tasks started at 2024-11-24T16:00:00.002Z
2024-11-24 11:00:00 [info]: [DEBUG] Found 0 unsent documents for UserID: 16
2024-11-24 11:00:00 [info]: [DEBUG] Found 0 unsent documents for UserID: 45
2024-11-24 11:00:00 [info]: [DEBUG] Found 0 unsent documents for UserID: 46
2024-11-24 11:00:00 [info]: [DEBUG] Found 0 unsent documents for UserID: 47
2024-11-24 11:00:00 [info]: [DEBUG] Found 0 unsent documents for UserID: 50
2024-11-24 11:00:00 [info]: [DEBUG] Found 0 unsent documents for UserID: 52
2024-11-24 11:00:00 [info]: [DEBUG] Found 0 unsent documents for UserID: 53
2024-11-24 11:00:00 [info]: [DEBUG] Found 0 unsent documents for UserID: 54
2024-11-24 11:00:00 [info]: [DEBUG] Found 0 unsent documents for UserID: 55
2024-11-24 11:00:00 [info]: [DEBUG] Found 0 unsent documents for UserID: 56
2024-11-24 11:00:01 [info]: [DEBUG] Found 0 unsent documents for UserID: 57
2024-11-24 11:00:01 [info]: [DEBUG] Found 0 unsent documents for UserID: 58
2024-11-24 11:00:01 [info]: [DEBUG] Found 0 unsent documents for UserID: 61
2024-11-24 11:00:01 [info]: [DEBUG] Found 0 unsent documents for UserID: 62
2024-11-24 11:00:01 [info]: [DEBUG] Found 0 unsent documents for UserID: 72
2024-11-24 11:00:01 [info]: [DEBUG] Found 0 unsent documents for UserID: 73
2024-11-24 11:00:01 [info]: Scheduled tasks completed at 2024-11-24T16:00:01.429Z
2024-11-24 12:00:00 [info]: Scheduled tasks started at 2024-11-24T17:00:00.297Z
2024-11-24 12:00:00 [info]: [DEBUG] Found 0 unsent documents for UserID: 16
2024-11-24 12:00:00 [info]: [DEBUG] Found 0 unsent documents for UserID: 45
2024-11-24 12:00:00 [info]: [DEBUG] Found 0 unsent documents for UserID: 46
2024-11-24 12:00:00 [info]: [DEBUG] Found 0 unsent documents for UserID: 47
2024-11-24 12:00:00 [info]: [DEBUG] Found 0 unsent documents for UserID: 50
2024-11-24 12:00:00 [info]: [DEBUG] Found 0 unsent documents for UserID: 52
2024-11-24 12:00:00 [info]: [DEBUG] Found 0 unsent documents for UserID: 53
2024-11-24 12:00:01 [info]: [DEBUG] Found 0 unsent documents for UserID: 54
2024-11-24 12:00:01 [info]: [DEBUG] Found 0 unsent documents for UserID: 55
2024-11-24 12:00:01 [info]: [DEBUG] Found 0 unsent documents for UserID: 56
2024-11-24 12:00:01 [info]: [DEBUG] Found 0 unsent documents for UserID: 57
2024-11-24 12:00:01 [info]: [DEBUG] Found 0 unsent documents for UserID: 58
2024-11-24 12:00:01 [info]: [DEBUG] Found 0 unsent documents for UserID: 61
2024-11-24 12:00:01 [info]: [DEBUG] Found 0 unsent documents for UserID: 62
2024-11-24 12:00:01 [info]: [DEBUG] Found 0 unsent documents for UserID: 72
2024-11-24 12:00:01 [info]: [DEBUG] Found 0 unsent documents for UserID: 73
2024-11-24 12:00:01 [info]: Scheduled tasks completed at 2024-11-24T17:00:01.657Z
2024-11-24 13:00:00 [info]: Scheduled tasks started at 2024-11-24T18:00:00.132Z
2024-11-24 13:00:00 [info]: [DEBUG] Found 0 unsent documents for UserID: 16
2024-11-24 13:00:00 [info]: [DEBUG] Found 0 unsent documents for UserID: 45
2024-11-24 13:00:00 [info]: [DEBUG] Found 0 unsent documents for UserID: 46
2024-11-24 13:00:00 [info]: [DEBUG] Found 0 unsent documents for UserID: 47
2024-11-24 13:00:00 [info]: [DEBUG] Found 0 unsent documents for UserID: 50
2024-11-24 13:00:00 [info]: [DEBUG] Found 0 unsent documents for UserID: 52
2024-11-24 13:00:00 [info]: [DEBUG] Found 0 unsent documents for UserID: 53
2024-11-24 13:00:00 [info]: [DEBUG] Found 0 unsent documents for UserID: 54
2024-11-24 13:00:01 [info]: [DEBUG] Found 0 unsent documents for UserID: 55
2024-11-24 13:00:01 [info]: [DEBUG] Found 0 unsent documents for UserID: 56
2024-11-24 13:00:01 [info]: [DEBUG] Found 0 unsent documents for UserID: 57
2024-11-24 13:00:01 [info]: [DEBUG] Found 0 unsent documents for UserID: 58
2024-11-24 13:00:01 [info]: [DEBUG] Found 0 unsent documents for UserID: 61
2024-11-24 13:00:01 [info]: [DEBUG] Found 0 unsent documents for UserID: 62
2024-11-24 13:00:01 [info]: [DEBUG] Found 0 unsent documents for UserID: 72
2024-11-24 13:00:01 [info]: [DEBUG] Found 0 unsent documents for UserID: 73
2024-11-24 13:00:01 [info]: Scheduled tasks completed at 2024-11-24T18:00:01.511Z
2024-11-24 14:00:00 [info]: Scheduled tasks started at 2024-11-24T19:00:00.224Z
2024-11-24 14:00:00 [info]: [DEBUG] Found 0 unsent documents for UserID: 16
2024-11-24 14:00:00 [info]: [DEBUG] Found 0 unsent documents for UserID: 45
2024-11-24 14:00:00 [info]: [DEBUG] Found 0 unsent documents for UserID: 46
2024-11-24 14:00:00 [info]: [DEBUG] Found 0 unsent documents for UserID: 47
2024-11-24 14:00:00 [info]: [DEBUG] Found 0 unsent documents for UserID: 50
2024-11-24 14:00:00 [info]: [DEBUG] Found 0 unsent documents for UserID: 52
2024-11-24 14:00:00 [info]: [DEBUG] Found 0 unsent documents for UserID: 53
2024-11-24 14:00:01 [info]: [DEBUG] Found 0 unsent documents for UserID: 54
2024-11-24 14:00:01 [info]: [DEBUG] Found 0 unsent documents for UserID: 55
2024-11-24 14:00:01 [info]: [DEBUG] Found 0 unsent documents for UserID: 56
2024-11-24 14:00:01 [info]: [DEBUG] Found 0 unsent documents for UserID: 57
2024-11-24 14:00:01 [info]: [DEBUG] Found 0 unsent documents for UserID: 58
2024-11-24 14:00:01 [info]: [DEBUG] Found 0 unsent documents for UserID: 61
2024-11-24 14:00:01 [info]: [DEBUG] Found 0 unsent documents for UserID: 62
2024-11-24 14:00:01 [info]: [DEBUG] Found 0 unsent documents for UserID: 72
2024-11-24 14:00:01 [info]: [DEBUG] Found 0 unsent documents for UserID: 73
2024-11-24 14:00:01 [info]: Scheduled tasks completed at 2024-11-24T19:00:01.592Z
2024-11-24 15:00:00 [info]: Scheduled tasks started at 2024-11-24T20:00:00.185Z
2024-11-24 15:00:00 [info]: [DEBUG] Found 0 unsent documents for UserID: 16
2024-11-24 15:00:00 [info]: [DEBUG] Found 0 unsent documents for UserID: 45
2024-11-24 15:00:00 [info]: [DEBUG] Found 0 unsent documents for UserID: 46
2024-11-24 15:00:00 [info]: [DEBUG] Found 0 unsent documents for UserID: 47
2024-11-24 15:00:00 [info]: [DEBUG] Found 0 unsent documents for UserID: 50
2024-11-24 15:00:00 [info]: [DEBUG] Found 0 unsent documents for UserID: 52
2024-11-24 15:00:01 [info]: [DEBUG] Found 0 unsent documents for UserID: 53
2024-11-24 15:00:01 [info]: [DEBUG] Found 0 unsent documents for UserID: 54
2024-11-24 15:00:01 [info]: [DEBUG] Found 0 unsent documents for UserID: 55
2024-11-24 15:00:01 [info]: [DEBUG] Found 0 unsent documents for UserID: 56
2024-11-24 15:00:01 [info]: [DEBUG] Found 0 unsent documents for UserID: 57
2024-11-24 15:00:01 [info]: [DEBUG] Found 0 unsent documents for UserID: 58
2024-11-24 15:00:01 [info]: [DEBUG] Found 0 unsent documents for UserID: 61
2024-11-24 15:00:01 [info]: [DEBUG] Found 0 unsent documents for UserID: 62
2024-11-24 15:00:01 [info]: [DEBUG] Found 0 unsent documents for UserID: 72
2024-11-24 15:00:01 [info]: [DEBUG] Found 0 unsent documents for UserID: 73
2024-11-24 15:00:01 [info]: Scheduled tasks completed at 2024-11-24T20:00:01.677Z
2024-11-14 14:00:00 [info]: Scheduled tasks started at 2024-11-14T19:00:00.445Z
2024-11-14 14:00:00 [info]: Scheduled tasks completed at 2024-11-14T19:00:00.556Z
2024-11-14 14:22:00 [info]: Manually triggered checkUserStatus
2024-11-14 14:23:12 [info]: Manually triggered checkUserStatus
2024-11-14 14:23:51 [info]: Manually triggered checkUserStatus
2024-11-14 14:24:36 [info]: Manually triggered checkUserStatus
2024-11-14 14:24:58 [info]: Manually triggered checkUserStatus
2024-11-14 14:35:25 [info]: Manually triggered checkUserStatus
2024-11-14 14:36:50 [info]: Manually triggered checkUserStatus
2024-11-14 14:37:16 [info]: Manually triggered checkUserStatus
2024-11-14 14:37:37 [info]: Manually triggered checkUserStatus
2024-11-14 14:37:50 [info]: Manually triggered checkUserStatus
2024-11-14 14:41:02 [info]: Manually triggered checkUserStatus
2024-11-14 14:41:09 [info]: Manually triggered checkUserStatus
2024-11-14 14:45:32 [info]: Manually triggered checkUserStatus
2024-11-14 14:56:53 [info]: Manually triggered sendPendingMessages
2024-11-14 15:00:00 [info]: Scheduled tasks started at 2024-11-14T20:00:00.908Z
2024-11-14 15:00:01 [info]: Scheduled tasks completed at 2024-11-14T20:00:01.032Z
2024-11-14 15:02:59 [info]: Manually triggered sendPendingMessages
2024-11-14 15:43:52 [info]: Manually triggered checkUserStatus
2024-11-14 15:44:08 [info]: Manually triggered sendPendingMessages
2024-11-14 16:00:00 [info]: Scheduled tasks started at 2024-11-14T21:00:00.330Z
2024-11-14 16:00:00 [info]: Scheduled tasks completed at 2024-11-14T21:00:00.642Z
2024-11-14 17:00:00 [info]: Scheduled tasks started at 2024-11-14T22:00:00.834Z
2024-11-14 17:00:01 [info]: Scheduled tasks completed at 2024-11-14T22:00:01.182Z
2024-11-14 18:00:00 [info]: Scheduled tasks started at 2024-11-14T23:00:00.948Z
2024-11-14 18:00:01 [info]: Scheduled tasks completed at 2024-11-14T23:00:01.267Z
2024-11-14 19:00:00 [info]: Scheduled tasks started at 2024-11-15T00:00:00.251Z
2024-11-14 19:00:03 [info]: Scheduled tasks completed at 2024-11-15T00:00:03.486Z
2024-11-14 20:00:00 [info]: Scheduled tasks started at 2024-11-15T01:00:00.968Z
2024-11-14 20:00:01 [info]: Scheduled tasks completed at 2024-11-15T01:00:01.290Z
2024-11-14 21:00:00 [info]: Scheduled tasks started at 2024-11-15T02:00:00.039Z
2024-11-14 21:00:00 [info]: Scheduled tasks completed at 2024-11-15T02:00:00.371Z
2024-11-14 22:00:00 [info]: Scheduled tasks started at 2024-11-15T03:00:00.810Z
2024-11-14 22:00:01 [info]: Scheduled tasks completed at 2024-11-15T03:00:01.137Z
2024-11-14 23:00:00 [info]: Scheduled tasks started at 2024-11-15T04:00:00.520Z
2024-11-14 23:00:00 [info]: Scheduled tasks completed at 2024-11-15T04:00:00.875Z
2024-11-15 00:00:00 [info]: Scheduled tasks started at 2024-11-15T05:00:00.416Z
2024-11-15 00:00:00 [info]: Scheduled tasks completed at 2024-11-15T05:00:00.741Z
2024-11-15 01:00:00 [info]: Scheduled tasks started at 2024-11-15T06:00:00.132Z
2024-11-15 01:00:00 [info]: Scheduled tasks completed at 2024-11-15T06:00:00.464Z
2024-11-17 18:00:00 [info]: Scheduled tasks started at 2024-11-17T23:00:00.077Z
2024-11-17 18:00:00 [info]: Called documents email send part bla bla
2024-11-17 18:00:00 [info]: Called documents email send part bla bla
2024-11-17 18:00:00 [info]: Called documents email send part bla bla
2024-11-17 18:00:00 [info]: Called documents email send part bla bla
2024-11-17 18:00:00 [info]: Called documents email send part bla bla
2024-11-17 18:00:00 [info]: Called documents email send part bla bla
2024-11-17 18:00:00 [info]: Called documents email send part bla bla
2024-11-17 18:00:00 [info]: Called documents email send part bla bla
2024-11-17 18:00:00 [info]: Scheduled tasks completed at 2024-11-17T23:00:00.858Z
2024-11-21 01:00:00 [info]: Scheduled tasks started at 2024-11-21T06:00:00.891Z
2024-11-21 01:00:01 [info]: Called documents email send part bla bla
2024-11-21 01:00:01 [info]: Called documents email send part bla bla
2024-11-21 01:00:01 [info]: Called documents email send part bla bla
2024-11-21 01:00:01 [info]: Called documents email send part bla bla
2024-11-21 01:00:01 [info]: Called documents email send part bla bla
2024-11-21 01:00:01 [info]: Called documents email send part bla bla
2024-11-21 01:00:01 [info]: Called documents email send part bla bla
2024-11-21 01:00:01 [info]: Called documents email send part bla bla
2024-11-21 01:00:01 [info]: Called documents email send part bla bla
2024-11-21 01:00:01 [info]: Called documents email send part bla bla
2024-11-21 01:00:02 [info]: Called documents email send part bla bla
2024-11-21 01:00:02 [info]: Called documents email send part bla bla
2024-11-21 01:00:02 [info]: Scheduled tasks completed at 2024-11-21T06:00:02.172Z
2024-11-21 02:00:00 [info]: Scheduled tasks started at 2024-11-21T07:00:00.625Z
2024-11-21 02:00:00 [info]: Called documents email send part bla bla
2024-11-21 02:00:00 [info]: Called documents email send part bla bla
2024-11-21 02:00:01 [info]: Called documents email send part bla bla
2024-11-21 02:00:01 [info]: Called documents email send part bla bla
2024-11-21 02:00:01 [info]: Called documents email send part bla bla
2024-11-21 02:00:01 [info]: Called documents email send part bla bla
2024-11-21 02:00:01 [info]: Called documents email send part bla bla
2024-11-21 02:00:01 [info]: Called documents email send part bla bla
2024-11-21 02:00:01 [info]: Called documents email send part bla bla
2024-11-21 02:00:01 [info]: Called documents email send part bla bla
2024-11-21 02:00:01 [info]: Called documents email send part bla bla
2024-11-21 02:00:01 [info]: Called documents email send part bla bla
2024-11-21 02:00:01 [info]: Scheduled tasks completed at 2024-11-21T07:00:01.707Z
2024-11-21 17:00:00 [info]: Scheduled tasks started at 2024-11-21T22:00:00.003Z
2024-11-21 17:00:00 [info]: Called documents email send part bla bla
2024-11-21 17:00:00 [info]: Called documents email send part bla bla
2024-11-21 17:00:00 [info]: Called documents email send part bla bla
2024-11-21 17:00:00 [info]: Called documents email send part bla bla
2024-11-21 17:00:00 [info]: Called documents email send part bla bla
2024-11-21 17:00:00 [info]: Called documents email send part bla bla
2024-11-21 17:00:00 [info]: Called documents email send part bla bla
2024-11-21 17:00:00 [info]: Called documents email send part bla bla
2024-11-21 17:00:00 [info]: Called documents email send part bla bla
2024-11-21 17:00:00 [info]: Called documents email send part bla bla
2024-11-21 17:00:01 [info]: Called documents email send part bla bla
2024-11-21 17:00:01 [info]: Scheduled tasks completed at 2024-11-21T22:00:01.015Z
2024-11-21 18:00:00 [info]: Scheduled tasks started at 2024-11-21T23:00:00.389Z
2024-11-21 18:00:00 [info]: Called documents email send part bla bla
2024-11-21 18:00:00 [info]: Called documents email send part bla bla
2024-11-21 18:00:00 [info]: Called documents email send part bla bla
2024-11-21 18:00:00 [info]: Called documents email send part bla bla
2024-11-21 18:00:01 [info]: Called documents email send part bla bla
2024-11-21 18:00:01 [info]: Called documents email send part bla bla
2024-11-21 18:00:01 [info]: Called documents email send part bla bla
2024-11-21 18:00:01 [info]: Called documents email send part bla bla
2024-11-21 18:00:01 [info]: Called documents email send part bla bla
2024-11-21 18:00:01 [info]: Called documents email send part bla bla
2024-11-21 18:00:01 [info]: Called documents email send part bla bla
2024-11-21 18:00:01 [info]: Scheduled tasks completed at 2024-11-21T23:00:01.440Z
2024-11-21 19:00:00 [info]: Scheduled tasks started at 2024-11-22T00:00:00.375Z
2024-11-21 19:00:00 [info]: Called documents email send part bla bla
2024-11-21 19:00:00 [info]: Called documents email send part bla bla
2024-11-21 19:00:00 [info]: Called documents email send part bla bla
2024-11-21 19:00:00 [info]: Called documents email send part bla bla
2024-11-21 19:00:00 [info]: Called documents email send part bla bla
2024-11-21 19:00:01 [info]: Called documents email send part bla bla
2024-11-21 19:00:01 [info]: Called documents email send part bla bla
2024-11-21 19:00:01 [info]: Called documents email send part bla bla
2024-11-21 19:00:01 [info]: Called documents email send part bla bla
2024-11-21 19:00:01 [info]: Called documents email send part bla bla
2024-11-21 19:00:01 [info]: Called documents email send part bla bla
2024-11-21 19:00:01 [info]: Scheduled tasks completed at 2024-11-22T00:00:01.391Z
2024-11-21 20:00:00 [info]: Scheduled tasks started at 2024-11-22T01:00:00.250Z
2024-11-21 20:00:00 [info]: Called documents email send part bla bla
2024-11-21 20:00:00 [info]: Called documents email send part bla bla
2024-11-21 20:00:00 [info]: Called documents email send part bla bla
2024-11-21 20:00:00 [info]: Called documents email send part bla bla
2024-11-21 20:00:00 [info]: Called documents email send part bla bla
2024-11-21 20:00:00 [info]: Called documents email send part bla bla
2024-11-21 20:00:00 [info]: Called documents email send part bla bla
2024-11-21 20:00:01 [info]: Called documents email send part bla bla
2024-11-21 20:00:01 [info]: Called documents email send part bla bla
2024-11-21 20:00:01 [info]: Called documents email send part bla bla
2024-11-21 20:00:01 [info]: Called documents email send part bla bla
2024-11-21 20:00:01 [info]: Called documents email send part bla bla
2024-11-21 20:00:01 [info]: Scheduled tasks completed at 2024-11-22T01:00:01.353Z
2024-11-21 21:00:00 [info]: Scheduled tasks started at 2024-11-22T02:00:00.679Z
2024-11-21 21:00:00 [info]: Called documents email send part bla bla
2024-11-21 21:00:01 [info]: Called documents email send part bla bla
2024-11-21 21:00:01 [info]: Called documents email send part bla bla
2024-11-21 21:00:01 [info]: Called documents email send part bla bla
2024-11-21 21:00:01 [info]: Called documents email send part bla bla
2024-11-21 21:00:01 [info]: Called documents email send part bla bla
2024-11-21 21:00:01 [info]: Called documents email send part bla bla
2024-11-21 21:00:01 [info]: Called documents email send part bla bla
2024-11-21 21:00:01 [info]: Called documents email send part bla bla
2024-11-21 21:00:01 [info]: Called documents email send part bla bla
2024-11-21 21:00:02 [info]: Called documents email send part bla bla
2024-11-21 21:00:02 [info]: Called documents email send part bla bla
2024-11-21 21:00:02 [info]: Scheduled tasks completed at 2024-11-22T02:00:02.177Z
2024-11-21 22:00:00 [info]: Scheduled tasks started at 2024-11-22T03:00:00.295Z
2024-11-21 22:00:00 [info]: Called documents email send part bla bla
2024-11-21 22:00:00 [info]: Called documents email send part bla bla
2024-11-21 22:00:00 [info]: Called documents email send part bla bla
2024-11-21 22:00:00 [info]: Called documents email send part bla bla
2024-11-21 22:00:00 [info]: Called documents email send part bla bla
2024-11-21 22:00:00 [info]: Called documents email send part bla bla
2024-11-21 22:00:01 [info]: Called documents email send part bla bla
2024-11-21 22:00:01 [info]: Called documents email send part bla bla
2024-11-21 22:00:01 [info]: Called documents email send part bla bla
2024-11-21 22:00:01 [info]: Called documents email send part bla bla
2024-11-21 22:00:01 [info]: Called documents email send part bla bla
2024-11-21 22:00:01 [info]: Called documents email send part bla bla
2024-11-21 22:00:01 [info]: Scheduled tasks completed at 2024-11-22T03:00:01.406Z
2024-11-21 23:00:00 [info]: Scheduled tasks started at 2024-11-22T04:00:00.329Z
2024-11-21 23:00:00 [info]: Called documents email send part bla bla
2024-11-21 23:00:00 [info]: Called documents email send part bla bla
2024-11-21 23:00:00 [info]: Called documents email send part bla bla
2024-11-21 23:00:00 [info]: Called documents email send part bla bla
2024-11-21 23:00:00 [info]: Called documents email send part bla bla
2024-11-21 23:00:01 [info]: Called documents email send part bla bla
2024-11-21 23:00:01 [info]: Called documents email send part bla bla
2024-11-21 23:00:01 [info]: Called documents email send part bla bla
2024-11-21 23:00:01 [info]: Called documents email send part bla bla
2024-11-21 23:00:01 [info]: Called documents email send part bla bla
2024-11-21 23:00:01 [info]: Called documents email send part bla bla
2024-11-21 23:00:01 [info]: Called documents email send part bla bla
2024-11-21 23:00:01 [info]: Scheduled tasks completed at 2024-11-22T04:00:01.451Z
2024-11-22 00:00:00 [info]: Scheduled tasks started at 2024-11-22T05:00:00.747Z
2024-11-22 00:00:01 [info]: Called documents email send part bla bla
2024-11-22 00:00:01 [info]: Called documents email send part bla bla
2024-11-22 00:00:01 [info]: Called documents email send part bla bla
2024-11-22 00:00:01 [info]: Called documents email send part bla bla
2024-11-22 00:00:01 [info]: Called documents email send part bla bla
2024-11-22 00:00:01 [info]: Called documents email send part bla bla
2024-11-22 00:00:01 [info]: Called documents email send part bla bla
2024-11-22 00:00:01 [info]: Called documents email send part bla bla
2024-11-22 00:00:01 [info]: Called documents email send part bla bla
2024-11-22 00:00:01 [info]: Called documents email send part bla bla
2024-11-22 00:00:01 [info]: Called documents email send part bla bla
2024-11-22 00:00:01 [info]: Called documents email send part bla bla
2024-11-22 00:00:01 [info]: Scheduled tasks completed at 2024-11-22T05:00:01.905Z
2024-11-22 01:00:00 [info]: Scheduled tasks started at 2024-11-22T06:00:00.643Z
2024-11-22 01:00:00 [info]: Called documents email send part bla bla
2024-11-22 01:00:01 [info]: Called documents email send part bla bla
2024-11-22 01:00:01 [info]: Called documents email send part bla bla
2024-11-22 01:00:01 [info]: Called documents email send part bla bla
2024-11-22 01:00:01 [info]: Called documents email send part bla bla
2024-11-22 01:00:01 [info]: Called documents email send part bla bla
2024-11-22 01:00:01 [info]: Called documents email send part bla bla
2024-11-22 01:00:01 [info]: Called documents email send part bla bla
2024-11-22 01:00:01 [info]: Called documents email send part bla bla
2024-11-22 01:00:01 [info]: Called documents email send part bla bla
2024-11-22 01:00:01 [info]: Called documents email send part bla bla
2024-11-22 01:00:01 [info]: Called documents email send part bla bla
2024-11-22 01:00:01 [info]: Scheduled tasks completed at 2024-11-22T06:00:01.942Z
2024-11-22 02:00:00 [info]: Scheduled tasks started at 2024-11-22T07:00:00.019Z
2024-11-22 02:00:00 [info]: Called documents email send part bla bla
2024-11-22 02:00:00 [info]: Called documents email send part bla bla
2024-11-22 02:00:00 [info]: Called documents email send part bla bla
2024-11-22 02:00:00 [info]: Called documents email send part bla bla
2024-11-22 02:00:00 [info]: Called documents email send part bla bla
2024-11-22 02:00:00 [info]: Called documents email send part bla bla
2024-11-22 02:00:00 [info]: Called documents email send part bla bla
2024-11-22 02:00:00 [info]: Called documents email send part bla bla
2024-11-22 02:00:00 [info]: Called documents email send part bla bla
2024-11-22 02:00:00 [info]: Called documents email send part bla bla
2024-11-22 02:00:00 [info]: Called documents email send part bla bla
2024-11-22 02:00:00 [info]: Scheduled tasks completed at 2024-11-22T07:00:00.973Z
2024-11-22 03:00:00 [info]: Scheduled tasks started at 2024-11-22T08:00:00.266Z
2024-11-22 03:00:00 [info]: Called documents email send part bla bla
2024-11-22 03:00:00 [info]: Called documents email send part bla bla
2024-11-22 03:00:00 [info]: Called documents email send part bla bla
2024-11-22 03:00:00 [info]: Called documents email send part bla bla
2024-11-22 03:00:00 [info]: Called documents email send part bla bla
2024-11-22 03:00:00 [info]: Called documents email send part bla bla
2024-11-22 03:00:00 [info]: Called documents email send part bla bla
2024-11-22 03:00:01 [info]: Called documents email send part bla bla
2024-11-22 03:00:01 [info]: Called documents email send part bla bla
2024-11-22 03:00:01 [info]: Called documents email send part bla bla
2024-11-22 03:00:01 [info]: Called documents email send part bla bla
2024-11-22 03:00:01 [info]: Scheduled tasks completed at 2024-11-22T08:00:01.245Z
2024-11-22 04:00:00 [info]: Scheduled tasks started at 2024-11-22T09:00:00.757Z
2024-11-22 04:00:00 [info]: Called documents email send part bla bla
2024-11-22 04:00:01 [info]: Called documents email send part bla bla
2024-11-22 04:00:01 [info]: Called documents email send part bla bla
2024-11-22 04:00:01 [info]: Called documents email send part bla bla
2024-11-22 04:00:01 [info]: Called documents email send part bla bla
2024-11-22 04:00:01 [info]: Called documents email send part bla bla
2024-11-22 04:00:01 [info]: Called documents email send part bla bla
2024-11-22 04:00:01 [info]: Called documents email send part bla bla
2024-11-22 04:00:01 [info]: Called documents email send part bla bla
2024-11-22 04:00:01 [info]: Called documents email send part bla bla
2024-11-22 04:00:01 [info]: Called documents email send part bla bla
2024-11-22 04:00:01 [info]: Scheduled tasks completed at 2024-11-22T09:00:01.745Z
2024-11-22 05:00:00 [info]: Scheduled tasks started at 2024-11-22T10:00:00.454Z
2024-11-22 05:00:00 [info]: Called documents email send part bla bla
2024-11-22 05:00:00 [info]: Called documents email send part bla bla
2024-11-22 05:00:00 [info]: Called documents email send part bla bla
2024-11-22 05:00:00 [info]: Called documents email send part bla bla
2024-11-22 05:00:00 [info]: Called documents email send part bla bla
2024-11-22 05:00:01 [info]: Called documents email send part bla bla
2024-11-22 05:00:01 [info]: Called documents email send part bla bla
2024-11-22 05:00:01 [info]: Called documents email send part bla bla
2024-11-22 05:00:01 [info]: Called documents email send part bla bla
2024-11-22 05:00:01 [info]: Called documents email send part bla bla
2024-11-22 05:00:01 [info]: Called documents email send part bla bla
2024-11-22 05:00:01 [info]: Scheduled tasks completed at 2024-11-22T10:00:01.412Z
2024-11-22 06:00:00 [info]: Scheduled tasks started at 2024-11-22T11:00:00.297Z
2024-11-22 06:00:00 [info]: Called documents email send part bla bla
2024-11-22 06:00:00 [info]: Called documents email send part bla bla
2024-11-22 06:00:00 [info]: Called documents email send part bla bla
2024-11-22 06:00:00 [info]: Called documents email send part bla bla
2024-11-22 06:00:00 [info]: Called documents email send part bla bla
2024-11-22 06:00:00 [info]: Called documents email send part bla bla
2024-11-22 06:00:00 [info]: Called documents email send part bla bla
2024-11-22 06:00:01 [info]: Called documents email send part bla bla
2024-11-22 06:00:01 [info]: Called documents email send part bla bla
2024-11-22 06:00:01 [info]: Called documents email send part bla bla
2024-11-22 06:00:01 [info]: Called documents email send part bla bla
2024-11-22 06:00:01 [info]: Scheduled tasks completed at 2024-11-22T11:00:01.282Z
2024-11-22 07:00:00 [info]: Scheduled tasks started at 2024-11-22T12:00:00.221Z
2024-11-22 07:00:00 [info]: Called documents email send part bla bla
2024-11-22 07:00:00 [info]: Called documents email send part bla bla
2024-11-22 07:00:00 [info]: Called documents email send part bla bla
2024-11-22 07:00:00 [info]: Called documents email send part bla bla
2024-11-22 07:00:00 [info]: Called documents email send part bla bla
2024-11-22 07:00:00 [info]: Called documents email send part bla bla
2024-11-22 07:00:00 [info]: Called documents email send part bla bla
2024-11-22 07:00:00 [info]: Called documents email send part bla bla
2024-11-22 07:00:00 [info]: Called documents email send part bla bla
2024-11-22 07:00:01 [info]: Called documents email send part bla bla
2024-11-22 07:00:01 [info]: Called documents email send part bla bla
2024-11-22 07:00:01 [info]: Scheduled tasks completed at 2024-11-22T12:00:01.132Z
2024-11-22 08:00:00 [info]: Scheduled tasks started at 2024-11-22T13:00:00.392Z
2024-11-22 08:00:00 [info]: Called documents email send part bla bla
2024-11-22 08:00:00 [info]: Called documents email send part bla bla
2024-11-22 08:00:00 [info]: Called documents email send part bla bla
2024-11-22 08:00:00 [info]: Called documents email send part bla bla
2024-11-22 08:00:00 [info]: Called documents email send part bla bla
2024-11-22 08:00:00 [info]: Called documents email send part bla bla
2024-11-22 08:00:01 [info]: Called documents email send part bla bla
2024-11-22 08:00:01 [info]: Called documents email send part bla bla
2024-11-22 08:00:01 [info]: Called documents email send part bla bla
2024-11-22 08:00:01 [info]: Called documents email send part bla bla
2024-11-22 08:00:01 [info]: Called documents email send part bla bla
2024-11-22 08:00:01 [info]: Scheduled tasks completed at 2024-11-22T13:00:01.324Z
2024-11-22 09:00:00 [info]: Scheduled tasks started at 2024-11-22T14:00:00.592Z
2024-11-22 09:00:00 [info]: Called documents email send part bla bla
2024-11-22 09:00:00 [info]: Called documents email send part bla bla
2024-11-22 09:00:00 [info]: Called documents email send part bla bla
2024-11-22 09:00:01 [info]: Called documents email send part bla bla
2024-11-22 09:00:01 [info]: Called documents email send part bla bla
2024-11-22 09:00:01 [info]: Called documents email send part bla bla
2024-11-22 09:00:01 [info]: Called documents email send part bla bla
2024-11-22 09:00:01 [info]: Called documents email send part bla bla
2024-11-22 09:00:01 [info]: Called documents email send part bla bla
2024-11-22 09:00:01 [info]: Called documents email send part bla bla
2024-11-22 09:00:01 [info]: Called documents email send part bla bla
2024-11-22 09:00:01 [info]: Scheduled tasks completed at 2024-11-22T14:00:01.548Z
2024-11-22 10:00:00 [info]: Scheduled tasks started at 2024-11-22T15:00:00.494Z
2024-11-22 10:00:00 [info]: Called documents email send part bla bla
2024-11-22 10:00:00 [info]: Called documents email send part bla bla
2024-11-22 10:00:00 [info]: Called documents email send part bla bla
2024-11-22 10:00:00 [info]: Called documents email send part bla bla
2024-11-22 10:00:00 [info]: Called documents email send part bla bla
2024-11-22 10:00:01 [info]: Called documents email send part bla bla
2024-11-22 10:00:01 [info]: Called documents email send part bla bla
2024-11-22 10:00:01 [info]: Called documents email send part bla bla
2024-11-22 10:00:01 [info]: Called documents email send part bla bla
2024-11-22 10:00:01 [info]: Called documents email send part bla bla
2024-11-22 10:00:01 [info]: Called documents email send part bla bla
2024-11-22 10:00:01 [info]: Scheduled tasks completed at 2024-11-22T15:00:01.445Z
2024-11-22 11:00:00 [info]: Scheduled tasks started at 2024-11-22T16:00:00.027Z
2024-11-22 11:00:00 [info]: Called documents email send part bla bla
2024-11-22 11:00:00 [info]: Called documents email send part bla bla
2024-11-22 11:00:00 [info]: Called documents email send part bla bla
2024-11-22 11:00:00 [info]: Called documents email send part bla bla
2024-11-22 11:00:00 [info]: Called documents email send part bla bla
2024-11-22 11:00:00 [info]: Called documents email send part bla bla
2024-11-22 11:00:00 [info]: Called documents email send part bla bla
2024-11-22 11:00:00 [info]: Called documents email send part bla bla
2024-11-22 11:00:00 [info]: Called documents email send part bla bla
2024-11-22 11:00:00 [info]: Called documents email send part bla bla
2024-11-22 11:00:00 [info]: Called documents email send part bla bla
2024-11-22 11:00:00 [info]: Scheduled tasks completed at 2024-11-22T16:00:00.924Z
2024-11-22 12:00:00 [info]: Scheduled tasks started at 2024-11-22T17:00:00.850Z
2024-11-22 12:00:01 [info]: Called documents email send part bla bla
2024-11-22 12:00:01 [info]: Called documents email send part bla bla
2024-11-22 12:00:01 [info]: Called documents email send part bla bla
2024-11-22 12:00:01 [info]: Called documents email send part bla bla
2024-11-22 12:00:01 [info]: Called documents email send part bla bla
2024-11-22 12:00:01 [info]: Called documents email send part bla bla
2024-11-22 12:00:01 [info]: Called documents email send part bla bla
2024-11-22 12:00:01 [info]: Called documents email send part bla bla
2024-11-22 12:00:01 [info]: Called documents email send part bla bla
2024-11-22 12:00:01 [info]: Called documents email send part bla bla
2024-11-22 12:00:01 [info]: Called documents email send part bla bla
2024-11-22 12:00:01 [info]: Scheduled tasks completed at 2024-11-22T17:00:01.849Z
2024-11-22 13:00:00 [info]: Scheduled tasks started at 2024-11-22T18:00:00.045Z
2024-11-22 13:00:00 [info]: Called documents email send part bla bla
2024-11-22 13:00:00 [info]: Called documents email send part bla bla
2024-11-22 13:00:00 [info]: Called documents email send part bla bla
2024-11-22 13:00:00 [info]: Called documents email send part bla bla
2024-11-22 13:00:00 [info]: Called documents email send part bla bla
2024-11-22 13:00:00 [info]: Called documents email send part bla bla
2024-11-22 13:00:00 [info]: Called documents email send part bla bla
2024-11-22 13:00:00 [info]: Called documents email send part bla bla
2024-11-22 13:00:00 [info]: Called documents email send part bla bla
2024-11-22 13:00:00 [info]: Called documents email send part bla bla
2024-11-22 13:00:01 [info]: Called documents email send part bla bla
2024-11-22 13:00:01 [info]: Scheduled tasks completed at 2024-11-22T18:00:01.031Z
2024-11-22 14:00:00 [info]: Scheduled tasks started at 2024-11-22T19:00:00.928Z
2024-11-22 14:00:01 [info]: Called documents email send part bla bla
2024-11-22 14:00:01 [info]: Called documents email send part bla bla
2024-11-22 14:00:01 [info]: Called documents email send part bla bla
2024-11-22 14:00:01 [info]: Called documents email send part bla bla
2024-11-22 14:00:01 [info]: Called documents email send part bla bla
2024-11-22 14:00:01 [info]: Called documents email send part bla bla
2024-11-22 14:00:01 [info]: Called documents email send part bla bla
2024-11-22 14:00:01 [info]: Called documents email send part bla bla
2024-11-22 14:00:01 [info]: Called documents email send part bla bla
2024-11-22 14:00:01 [info]: Called documents email send part bla bla
2024-11-22 14:00:01 [info]: Called documents email send part bla bla
2024-11-22 14:00:01 [info]: Scheduled tasks completed at 2024-11-22T19:00:01.888Z
2024-11-22 15:00:00 [info]: Scheduled tasks started at 2024-11-22T20:00:00.328Z
2024-11-22 15:00:00 [info]: Called documents email send part bla bla
2024-11-22 15:00:00 [info]: Called documents email send part bla bla
2024-11-22 15:00:00 [info]: Called documents email send part bla bla
2024-11-22 15:00:00 [info]: Called documents email send part bla bla
2024-11-22 15:00:00 [info]: Called documents email send part bla bla
2024-11-22 15:00:00 [info]: Called documents email send part bla bla
2024-11-22 15:00:00 [info]: Called documents email send part bla bla
2024-11-22 15:00:01 [info]: Called documents email send part bla bla
2024-11-22 15:00:01 [info]: Called documents email send part bla bla
2024-11-22 15:00:01 [info]: Called documents email send part bla bla
2024-11-22 15:00:01 [info]: Called documents email send part bla bla
2024-11-22 15:00:01 [info]: Scheduled tasks completed at 2024-11-22T20:00:01.273Z
2024-11-22 16:00:00 [info]: Scheduled tasks started at 2024-11-22T21:00:00.427Z
2024-11-22 16:00:00 [info]: Called documents email send part bla bla
2024-11-22 16:00:00 [info]: Called documents email send part bla bla
2024-11-22 16:00:00 [info]: Called documents email send part bla bla
2024-11-22 16:00:00 [info]: Called documents email send part bla bla
2024-11-22 16:00:00 [info]: Called documents email send part bla bla
2024-11-22 16:00:01 [info]: Called documents email send part bla bla
2024-11-22 16:00:01 [info]: Called documents email send part bla bla
2024-11-22 16:00:01 [info]: Called documents email send part bla bla
2024-11-22 16:00:01 [info]: Called documents email send part bla bla
2024-11-22 16:00:01 [info]: Called documents email send part bla bla
2024-11-22 16:00:01 [info]: Called documents email send part bla bla
2024-11-22 16:00:01 [info]: Scheduled tasks completed at 2024-11-22T21:00:01.384Z
2024-11-23 18:00:00 [info]: Scheduled tasks started at 2024-11-23T23:00:00.742Z
2024-11-23 18:00:00 [info]: Called documents email send part bla bla
2024-11-23 18:00:01 [info]: Called documents email send part bla bla
2024-11-23 18:00:01 [info]: Called documents email send part bla bla
2024-11-23 18:00:01 [info]: Called documents email send part bla bla
2024-11-23 18:00:01 [info]: Called documents email send part bla bla
2024-11-23 18:00:01 [info]: Called documents email send part bla bla
2024-11-23 18:00:01 [info]: Called documents email send part bla bla
2024-11-23 18:00:01 [info]: Called documents email send part bla bla
2024-11-23 18:00:01 [info]: Called documents email send part bla bla
2024-11-23 18:00:01 [info]: Called documents email send part bla bla
2024-11-23 18:00:01 [info]: Called documents email send part bla bla
2024-11-23 18:00:01 [info]: Called documents email send part bla bla
2024-11-23 18:00:01 [info]: Called documents email send part bla bla
2024-11-23 18:00:01 [info]: Called documents email send part bla bla
2024-11-23 18:00:01 [info]: Scheduled tasks completed at 2024-11-23T23:00:01.995Z
2024-11-24 22:00:00 [info]: Scheduled tasks started at 2024-11-25T03:00:00.476Z
2024-11-24 22:00:01 [info]: Called documents email send part bla bla
2024-11-24 22:00:01 [info]: Called documents email send part bla bla
2024-11-24 22:00:01 [info]: Called documents email send part bla bla
2024-11-24 22:00:01 [info]: Called documents email send part bla bla
2024-11-24 22:00:01 [info]: Called documents email send part bla bla
2024-11-24 22:00:02 [info]: Called documents email send part bla bla
2024-11-24 22:00:02 [info]: Called documents email send part bla bla
2024-11-24 22:00:02 [info]: Called documents email send part bla bla
2024-11-24 22:00:02 [info]: Called documents email send part bla bla
2024-11-24 22:00:02 [info]: Called documents email send part bla bla
2024-11-24 22:00:02 [info]: Called documents email send part bla bla
2024-11-24 22:00:02 [info]: Called documents email send part bla bla
2024-11-24 22:00:02 [info]: Called documents email send part bla bla
2024-11-24 22:00:02 [info]: Called documents email send part bla bla
2024-11-24 22:00:02 [info]: Called documents email send part bla bla
2024-11-24 22:00:02 [info]: Called documents email send part bla bla
2024-11-24 22:00:02 [info]: Scheduled tasks completed at 2024-11-25T03:00:02.829Z
2024-11-24 23:00:00 [info]: Scheduled tasks started at 2024-11-25T04:00:00.029Z
2024-11-24 23:00:00 [info]: Called documents email send part bla bla
2024-11-24 23:00:00 [info]: Called documents email send part bla bla
2024-11-24 23:00:00 [info]: Called documents email send part bla bla
2024-11-24 23:00:00 [info]: Called documents email send part bla bla
2024-11-24 23:00:00 [info]: Called documents email send part bla bla
2024-11-24 23:00:00 [info]: Called documents email send part bla bla
2024-11-24 23:00:00 [info]: Called documents email send part bla bla
2024-11-24 23:00:01 [info]: Called documents email send part bla bla
2024-11-24 23:00:01 [info]: Called documents email send part bla bla
2024-11-24 23:00:01 [info]: Called documents email send part bla bla
2024-11-24 23:00:01 [info]: Called documents email send part bla bla
2024-11-24 23:00:01 [info]: Called documents email send part bla bla
2024-11-24 23:00:01 [info]: Called documents email send part bla bla
2024-11-24 23:00:01 [info]: Called documents email send part bla bla
2024-11-24 23:00:01 [info]: Called documents email send part bla bla
2024-11-24 23:00:01 [info]: Called documents email send part bla bla
2024-11-24 23:00:01 [info]: Scheduled tasks completed at 2024-11-25T04:00:01.662Z
2024-11-25 00:00:00 [info]: Scheduled tasks started at 2024-11-25T05:00:00.058Z
2024-11-25 00:00:00 [info]: [DEBUG] Found 0 unsent documents for UserID: 16
2024-11-25 00:00:00 [info]: [DEBUG] Found 0 unsent documents for UserID: 45
2024-11-25 00:00:00 [info]: [DEBUG] Found 0 unsent documents for UserID: 46
2024-11-25 00:00:00 [info]: [DEBUG] Found 0 unsent documents for UserID: 47
2024-11-25 00:00:00 [info]: [DEBUG] Found 0 unsent documents for UserID: 50
2024-11-25 00:00:00 [info]: [DEBUG] Found 0 unsent documents for UserID: 52
2024-11-25 00:00:00 [info]: [DEBUG] Found 0 unsent documents for UserID: 53
2024-11-25 00:00:00 [info]: [DEBUG] Found 0 unsent documents for UserID: 54
2024-11-25 00:00:01 [info]: [DEBUG] Found 0 unsent documents for UserID: 55
2024-11-25 00:00:01 [info]: [DEBUG] Found 0 unsent documents for UserID: 57
2024-11-25 00:00:01 [info]: [DEBUG] Found 0 unsent documents for UserID: 58
2024-11-25 00:00:01 [info]: [DEBUG] Found 0 unsent documents for UserID: 61
2024-11-25 00:00:01 [info]: [DEBUG] Found 0 unsent documents for UserID: 62
2024-11-25 00:00:01 [info]: [DEBUG] Found 0 unsent documents for UserID: 72
2024-11-25 00:00:01 [info]: [DEBUG] Found 0 unsent documents for UserID: 73
2024-11-25 00:00:01 [info]: [DEBUG] Found 0 unsent documents for UserID: 74
2024-11-25 00:00:01 [info]: Scheduled tasks completed at 2024-11-25T05:00:01.779Z
2024-11-25 01:00:00 [info]: Scheduled tasks started at 2024-11-25T06:00:00.474Z
2024-11-25 01:00:00 [info]: [DEBUG] Found 0 unsent documents for UserID: 16
2024-11-25 01:00:00 [info]: [DEBUG] Found 0 unsent documents for UserID: 45
2024-11-25 01:00:00 [info]: [DEBUG] Found 0 unsent documents for UserID: 46
2024-11-25 01:00:00 [info]: [DEBUG] Found 0 unsent documents for UserID: 47
2024-11-25 01:00:01 [info]: [DEBUG] Found 0 unsent documents for UserID: 50
2024-11-25 01:00:01 [info]: [DEBUG] Found 0 unsent documents for UserID: 52
2024-11-25 01:00:01 [info]: [DEBUG] Found 0 unsent documents for UserID: 53
2024-11-25 01:00:01 [info]: [DEBUG] Found 0 unsent documents for UserID: 54
2024-11-25 01:00:01 [info]: [DEBUG] Found 0 unsent documents for UserID: 55
2024-11-25 01:00:01 [info]: [DEBUG] Found 0 unsent documents for UserID: 57
2024-11-25 01:00:01 [info]: [DEBUG] Found 0 unsent documents for UserID: 58
2024-11-25 01:00:01 [info]: [DEBUG] Found 0 unsent documents for UserID: 61
2024-11-25 01:00:01 [info]: [DEBUG] Found 0 unsent documents for UserID: 62
2024-11-25 01:00:01 [info]: [DEBUG] Found 0 unsent documents for UserID: 72
2024-11-25 01:00:01 [info]: [DEBUG] Found 0 unsent documents for UserID: 73
2024-11-25 01:00:01 [info]: [DEBUG] Found 0 unsent documents for UserID: 74
2024-11-25 01:00:01 [info]: Scheduled tasks completed at 2024-11-25T06:00:01.817Z
2024-11-25 02:00:00 [info]: Scheduled tasks started at 2024-11-25T07:00:00.159Z
2024-11-25 02:00:00 [info]: [DEBUG] Found 0 unsent documents for UserID: 16
2024-11-25 02:00:00 [info]: [DEBUG] Found 0 unsent documents for UserID: 45
2024-11-25 02:00:00 [info]: [DEBUG] Found 0 unsent documents for UserID: 46
2024-11-25 02:00:00 [info]: [DEBUG] Found 0 unsent documents for UserID: 47
2024-11-25 02:00:00 [info]: [DEBUG] Found 0 unsent documents for UserID: 50
2024-11-25 02:00:00 [info]: [DEBUG] Found 0 unsent documents for UserID: 52
2024-11-25 02:00:00 [info]: [DEBUG] Found 0 unsent documents for UserID: 53
2024-11-25 02:00:00 [info]: [DEBUG] Found 0 unsent documents for UserID: 54
2024-11-25 02:00:00 [info]: [DEBUG] Found 0 unsent documents for UserID: 55
2024-11-25 02:00:01 [info]: [DEBUG] Found 0 unsent documents for UserID: 57
2024-11-25 02:00:01 [info]: [DEBUG] Found 0 unsent documents for UserID: 58
2024-11-25 02:00:01 [info]: [DEBUG] Found 0 unsent documents for UserID: 61
2024-11-25 02:00:01 [info]: [DEBUG] Found 0 unsent documents for UserID: 62
2024-11-25 02:00:01 [info]: [DEBUG] Found 0 unsent documents for UserID: 72
2024-11-25 02:00:01 [info]: [DEBUG] Found 0 unsent documents for UserID: 73
2024-11-25 02:00:01 [info]: [DEBUG] Found 0 unsent documents for UserID: 74
2024-11-25 02:00:01 [info]: Scheduled tasks completed at 2024-11-25T07:00:01.446Z
